2023-10-14 13:31:58,765 [5] INFO  BooksApiNetCore.Controllers.BooksNetCoreController - La busqueda de libros fue exitosa
2023-10-16 13:29:34,378 [5] INFO  BooksApiNetCore.Controllers.BooksNetCoreController - La busqueda de libros fue exitosa
2023-10-16 13:33:22,740 [8] INFO  BooksApiNetCore.Controllers.BooksNetCoreController - La busqueda de libros fue exitosa
2023-10-16 13:34:07,611 [3] ERROR BooksApiNetCore.Controllers.BooksNetCoreController - El libro con el titulo: 23, ya existe
2023-10-16 13:37:04,688 [3] INFO  BooksApiNetCore.Controllers.BooksNetCoreController - La busqueda de libros fue exitosa
2023-10-16 13:37:27,347 [5] INFO  BooksApiNetCore.Controllers.BooksNetCoreController - La busqueda de libros fue exitosa
2023-10-16 13:37:36,577 [17] ERROR BooksApiNetCore.Controllers.BooksNetCoreController - El libro con el titulo: 23, ya existe
2023-10-16 13:40:15,655 [3] INFO  BooksApiNetCore.Controllers.BooksNetCoreController - La busqueda de libros fue exitosa
2023-10-16 13:41:03,282 [5] INFO  BooksApiNetCore.Controllers.BooksNetCoreController - La busqueda de libros fue exitosa
2023-10-16 13:41:14,469 [3] INFO  BooksApiNetCore.Controllers.BooksNetCoreController - La busqueda de libros fue exitosa
2023-10-16 13:41:22,153 [16] ERROR BooksApiNetCore.Controllers.BooksNetCoreController - El libro con el titulo: 23, ya existe
2023-10-16 13:41:41,691 [3] INFO  BooksApiNetCore.Controllers.BooksNetCoreController - La busqueda de libros fue exitosa
2023-10-16 13:43:55,229 [3] INFO  BooksApiNetCore.Controllers.BooksNetCoreController - La busqueda de libros fue exitosa
2023-10-16 13:44:02,256 [16] ERROR BooksApiNetCore.Controllers.BooksNetCoreController - El libro con el titulo: 23, ya existe
2023-10-16 13:45:26,765 [5] INFO  BooksApiNetCore.Controllers.BooksNetCoreController - La busqueda de libros fue exitosa
2023-10-16 13:45:32,803 [5] ERROR BooksApiNetCore.Controllers.BooksNetCoreController - El libro con el titulo: 23, ya existe
2023-10-16 13:47:07,193 [3] INFO  BooksApiNetCore.Controllers.BooksNetCoreController - La busqueda de libros fue exitosa
2023-10-16 13:49:12,156 [12] INFO  BooksApiNetCore.Controllers.BooksNetCoreController - La busqueda de libros fue exitosa
2023-10-16 13:49:19,318 [5] ERROR BooksApiNetCore.Controllers.BooksNetCoreController - El libro con el titulo: 23, ya existe
2023-10-16 13:51:48,114 [12] INFO  BooksApiNetCore.Controllers.BooksNetCoreController - La busqueda de libros fue exitosa
2023-10-16 13:51:50,385 [12] INFO  BooksApiNetCore.Controllers.BooksNetCoreController - La busqueda de libros fue exitosa
2023-10-16 13:51:59,784 [12] ERROR BooksApiNetCore.Controllers.BooksNetCoreController - El libro con el titulo: 23, ya existe
2023-10-16 13:53:14,741 [5] INFO  BooksApiNetCore.Controllers.BooksNetCoreController - La busqueda de libros fue exitosa
2023-10-16 13:57:09,579 [5] INFO  BooksApiNetCore.Controllers.BooksNetCoreController - La busqueda de libros fue exitosa
2023-10-16 13:57:17,048 [5] ERROR BooksApiNetCore.Controllers.BooksNetCoreController - Could not find a part of the path 'D:\Examen\BooksDto\DataSourceBooks\'.
2023-10-16 14:00:04,314 [3] INFO  BooksApiNetCore.Controllers.BooksNetCoreController - La busqueda de libros fue exitosa
2023-10-16 14:00:19,139 [12] INFO  BooksApiNetCore.Controllers.BooksNetCoreController - La busqueda de libros fue exitosa
2023-10-16 14:03:33,590 [3] INFO  BooksApiNetCore.Controllers.BooksNetCoreController - La busqueda de libros fue exitosa
2023-10-16 14:06:33,685 [3] INFO  BooksApiNetCore.Controllers.BooksNetCoreController - La busqueda de libros fue exitosa
2023-10-16 14:07:02,360 [23] INFO  BooksApiNetCore.Controllers.BooksNetCoreController - La busqueda de libros fue exitosa
2023-10-16 14:07:04,650 [23] INFO  BooksApiNetCore.Controllers.BooksNetCoreController - La busqueda de libros fue exitosa
2023-10-16 14:07:43,019 [12] INFO  BooksApiNetCore.Controllers.BooksNetCoreController - La busqueda de libros fue exitosa
2023-10-16 14:22:38,216 [20] INFO  BooksApiNetCore.Controllers.BooksNetCoreController - La busqueda de libros fue exitosa
2023-10-16 14:22:42,641 [26] INFO  BooksApiNetCore.Controllers.BooksNetCoreController - La busqueda de libros fue exitosa
2023-10-16 14:23:44,655 [23] INFO  BooksApiNetCore.Controllers.BooksNetCoreController - La busqueda de libros fue exitosa
2023-10-16 14:24:03,577 [25] INFO  BooksApiNetCore.Controllers.BooksNetCoreController - La busqueda de libros fue exitosa
2023-10-16 14:24:11,058 [25] INFO  BooksApiNetCore.Controllers.BooksNetCoreController - La busqueda de libros fue exitosa
2023-10-16 14:28:03,516 [22] INFO  BooksApiNetCore.Controllers.BooksNetCoreController - La busqueda de libros fue exitosa
2023-10-16 14:29:06,630 [23] INFO  BooksApiNetCore.Controllers.BooksNetCoreController - La busqueda de libros fue exitosa
2023-10-16 14:29:18,125 [12] INFO  BooksApiNetCore.Controllers.BooksNetCoreController - La busqueda de libros fue exitosa
2023-10-16 14:29:35,449 [20] INFO  BooksApiNetCore.Controllers.BooksNetCoreController - La busqueda de libros fue exitosa
2023-10-16 14:32:04,534 [26] INFO  BooksApiNetCore.Controllers.BooksNetCoreController - La busqueda de libros fue exitosa
2023-10-16 14:33:03,433 [23] INFO  BooksApiNetCore.Controllers.BooksNetCoreController - La busqueda de libros fue exitosa
2023-10-16 14:33:28,959 [22] INFO  BooksApiNetCore.Controllers.BooksNetCoreController - La busqueda de libros fue exitosa
2023-10-16 14:35:33,074 [23] INFO  BooksApiNetCore.Controllers.BooksNetCoreController - La busqueda de libros fue exitosa
2023-10-16 14:39:54,044 [12] INFO  BooksApiNetCore.Controllers.BooksNetCoreController - La busqueda de libros fue exitosa
2023-10-16 14:42:53,485 [12] INFO  BooksApiNetCore.Controllers.BooksNetCoreController - La busqueda de libros fue exitosa
2023-10-16 14:43:08,588 [29] INFO  BooksApiNetCore.Controllers.BooksNetCoreController - La busqueda de libros fue exitosa
2023-10-16 14:46:23,160 [12] INFO  BooksApiNetCore.Controllers.BooksNetCoreController - La busqueda de libros fue exitosa
2023-10-16 14:46:41,701 [12] INFO  BooksApiNetCore.Controllers.BooksNetCoreController - La busqueda de libros fue exitosa
2023-10-16 14:46:56,629 [31] INFO  BooksApiNetCore.Controllers.BooksNetCoreController - La busqueda de libros fue exitosa
2023-10-16 14:48:11,452 [12] INFO  BooksApiNetCore.Controllers.BooksNetCoreController - La busqueda de libros fue exitosa
2023-10-16 14:48:19,963 [20] INFO  BooksApiNetCore.Controllers.BooksNetCoreController - La busqueda de libros fue exitosa
2023-10-16 14:48:23,120 [31] INFO  BooksApiNetCore.Controllers.BooksNetCoreController - La busqueda de libros fue exitosa
2023-10-16 14:48:26,406 [29] INFO  BooksApiNetCore.Controllers.BooksNetCoreController - La busqueda de libros fue exitosa
2023-10-16 14:51:59,092 [32] INFO  BooksApiNetCore.Controllers.BooksNetCoreController - La busqueda de libros fue exitosa
2023-10-16 14:52:05,754 [35] INFO  BooksApiNetCore.Controllers.BooksNetCoreController - La busqueda de libros fue exitosa
2023-10-16 14:52:47,167 [32] INFO  BooksApiNetCore.Controllers.BooksNetCoreController - La busqueda de libros fue exitosa
2023-10-16 14:52:53,145 [6] INFO  BooksApiNetCore.Controllers.BooksNetCoreController - La busqueda de libros fue exitosa
2023-10-16 14:53:09,139 [6] INFO  BooksApiNetCore.Controllers.BooksNetCoreController - La busqueda de libros fue exitosa
2023-10-16 14:53:52,195 [20] INFO  BooksApiNetCore.Controllers.BooksNetCoreController - La busqueda de libros fue exitosa
2023-10-16 14:55:59,856 [6] INFO  BooksApiNetCore.Controllers.BooksNetCoreController - La busqueda de libros fue exitosa
2023-10-16 14:56:13,521 [20] INFO  BooksApiNetCore.Controllers.BooksNetCoreController - La busqueda de libros fue exitosa
2023-10-16 14:57:15,902 [20] INFO  BooksApiNetCore.Controllers.BooksNetCoreController - La busqueda de libros fue exitosa
2023-10-16 14:57:18,618 [32] INFO  BooksApiNetCore.Controllers.BooksNetCoreController - La busqueda de libros fue exitosa
2023-10-16 14:57:43,814 [20] INFO  BooksApiNetCore.Controllers.BooksNetCoreController - La busqueda de libros fue exitosa
2023-10-16 14:58:02,938 [6] INFO  BooksApiNetCore.Controllers.BooksNetCoreController - La busqueda de libros fue exitosa
2023-10-16 14:58:13,842 [32] INFO  BooksApiNetCore.Controllers.BooksNetCoreController - La busqueda de libros fue exitosa
2023-10-16 14:58:29,291 [20] INFO  BooksApiNetCore.Controllers.BooksNetCoreController - La busqueda de libros fue exitosa
2023-10-16 14:58:32,885 [40] INFO  BooksApiNetCore.Controllers.BooksNetCoreController - La busqueda de libros fue exitosa
2023-10-16 14:58:38,781 [20] INFO  BooksApiNetCore.Controllers.BooksNetCoreController - La busqueda de libros fue exitosa
2023-10-16 15:06:16,474 [37] INFO  BooksApiNetCore.Controllers.BooksNetCoreController - La busqueda de libros fue exitosa
2023-10-16 15:07:00,450 [32] INFO  BooksApiNetCore.Controllers.BooksNetCoreController - La busqueda de libros fue exitosa
2023-10-16 15:07:11,944 [32] INFO  BooksApiNetCore.Controllers.BooksNetCoreController - La busqueda de libros fue exitosa
2023-10-16 15:07:16,188 [31] INFO  BooksApiNetCore.Controllers.BooksNetCoreController - La busqueda de libros fue exitosa
2023-10-16 15:07:19,348 [32] INFO  BooksApiNetCore.Controllers.BooksNetCoreController - La busqueda de libros fue exitosa
2023-10-16 15:08:29,970 [37] INFO  BooksApiNetCore.Controllers.BooksNetCoreController - La busqueda de libros fue exitosa
2023-10-16 15:09:06,018 [37] INFO  BooksApiNetCore.Controllers.BooksNetCoreController - La busqueda de libros fue exitosa
2023-10-16 15:09:45,910 [6] INFO  BooksApiNetCore.Controllers.BooksNetCoreController - La busqueda de libros fue exitosa
2023-10-16 15:10:18,120 [41] INFO  BooksApiNetCore.Controllers.BooksNetCoreController - La busqueda de libros fue exitosa
2023-10-16 15:13:41,508 [28] INFO  BooksApiNetCore.Controllers.BooksNetCoreController - La busqueda de libros fue exitosa
2023-10-16 15:14:25,391 [41] INFO  BooksApiNetCore.Controllers.BooksNetCoreController - La busqueda de libros fue exitosa
2023-10-16 15:14:46,484 [6] INFO  BooksApiNetCore.Controllers.BooksNetCoreController - La busqueda de libros fue exitosa
2023-10-16 15:18:45,562 [37] INFO  BooksApiNetCore.Controllers.BooksNetCoreController - La busqueda de libros fue exitosa
2023-10-16 15:20:03,934 [33] INFO  BooksApiNetCore.Controllers.BooksNetCoreController - La busqueda de libros fue exitosa
2023-10-16 15:20:45,194 [6] INFO  BooksApiNetCore.Controllers.BooksNetCoreController - La busqueda de libros fue exitosa
2023-10-16 15:21:02,027 [37] INFO  BooksApiNetCore.Controllers.BooksNetCoreController - La busqueda de libros fue exitosa
2023-10-16 15:21:32,065 [37] INFO  BooksApiNetCore.Controllers.BooksNetCoreController - La busqueda de libros fue exitosa
2023-10-16 15:21:59,015 [41] INFO  BooksApiNetCore.Controllers.BooksNetCoreController - La busqueda de libros fue exitosa
2023-10-16 15:23:15,660 [32] INFO  BooksApiNetCore.Controllers.BooksNetCoreController - La busqueda de libros fue exitosa
2023-10-16 15:24:23,435 [6] INFO  BooksApiNetCore.Controllers.BooksNetCoreController - La busqueda de libros fue exitosa
2023-10-16 15:58:05,398 [3] INFO  BooksApiNetCore.Controllers.BooksNetCoreController - La busqueda de libros fue exitosa
2023-10-16 15:58:13,404 [5] ERROR BooksApiNetCore.Controllers.BooksNetCoreController - No se encuentra ningun libro con el valor indicado: el, Se busco por titulo y por autor
2023-10-16 15:58:16,200 [20] ERROR BooksApiNetCore.Controllers.BooksNetCoreController - No se encuentra ningun libro con el valor indicado: el, Se busco por titulo y por autor
2023-10-16 15:58:31,962 [5] ERROR BooksApiNetCore.Controllers.BooksNetCoreController - No se encuentra ningun libro con el valor indicado: cl, Se busco por titulo y por autor
2023-10-17 20:05:11,621 [3] INFO  BooksApiNetCore.Controllers.BooksNetCoreController - La busqueda de libros fue exitosa
2023-10-17 20:09:43,882 [5] INFO  BooksApiNetCore.Controllers.BooksNetCoreController - La busqueda de libros fue exitosa
2023-10-17 20:09:48,164 [5] INFO  BooksApiNetCore.Controllers.BooksNetCoreController - La busqueda de libros fue exitosa
2023-10-17 20:09:57,387 [3] INFO  BooksApiNetCore.Controllers.BooksNetCoreController - La busqueda de libros fue exitosa
2023-10-17 20:10:46,613 [5] INFO  BooksApiNetCore.Controllers.BooksNetCoreController - La busqueda de libros fue exitosa
2023-10-17 20:10:49,514 [5] INFO  BooksApiNetCore.Controllers.BooksNetCoreController - La busqueda de libros fue exitosa
2023-10-17 20:11:49,129 [5] INFO  BooksApiNetCore.Controllers.BooksNetCoreController - La busqueda de libros fue exitosa
2023-10-17 20:11:57,202 [3] INFO  BooksApiNetCore.Controllers.BooksNetCoreController - La busqueda de libros fue exitosa
2023-10-17 20:15:45,440 [5] INFO  BooksApiNetCore.Controllers.BooksNetCoreController - La busqueda de libros fue exitosa
2023-10-17 20:19:25,772 [3] INFO  BooksApiNetCore.Controllers.BooksNetCoreController - La busqueda de libros fue exitosa
2023-10-17 20:20:04,890 [5] INFO  BooksApiNetCore.Controllers.BooksNetCoreController - La busqueda de libros fue exitosa
2023-10-17 20:23:10,940 [3] INFO  BooksApiNetCore.Controllers.BooksNetCoreController - La busqueda de libros fue exitosa
2023-10-17 20:23:10,984 [17] INFO  BooksApiNetCore.Controllers.BooksNetCoreController - La busqueda de libros fue exitosa
2023-10-17 20:23:32,788 [3] INFO  BooksApiNetCore.Controllers.BooksNetCoreController - La busqueda de libros fue exitosa
2023-10-17 20:23:32,790 [3] INFO  BooksApiNetCore.Controllers.BooksNetCoreController - La busqueda de libros fue exitosa
2023-10-17 20:30:21,889 [27] INFO  BooksApiNetCore.Controllers.BooksNetCoreController - La busqueda de libros fue exitosa
2023-10-17 20:30:21,891 [27] INFO  BooksApiNetCore.Controllers.BooksNetCoreController - La busqueda de libros fue exitosa
2023-10-17 20:32:04,521 [20] INFO  BooksApiNetCore.Controllers.BooksNetCoreController - La busqueda de libros fue exitosa
2023-10-17 20:32:04,528 [19] INFO  BooksApiNetCore.Controllers.BooksNetCoreController - La busqueda de libros fue exitosa
2023-10-17 20:33:16,484 [19] INFO  BooksApiNetCore.Controllers.BooksNetCoreController - La busqueda de libros fue exitosa
2023-10-17 20:33:16,486 [33] INFO  BooksApiNetCore.Controllers.BooksNetCoreController - La busqueda de libros fue exitosa
2023-10-17 22:21:47,812 [32] INFO  BooksApiNetCore.Controllers.BooksNetCoreController - La busqueda de libros fue exitosa
2023-10-17 22:21:47,817 [34] INFO  BooksApiNetCore.Controllers.BooksNetCoreController - La busqueda de libros fue exitosa
2023-10-17 22:27:21,277 [32] INFO  BooksApiNetCore.Controllers.BooksNetCoreController - La busqueda de libros fue exitosa
2023-10-17 22:27:21,289 [32] INFO  BooksApiNetCore.Controllers.BooksNetCoreController - La busqueda de libros fue exitosa
2023-10-17 22:27:21,326 [31] INFO  BooksApiNetCore.Controllers.BooksNetCoreController - La busqueda de libros fue exitosa
2023-10-17 22:27:21,335 [32] INFO  BooksApiNetCore.Controllers.BooksNetCoreController - La busqueda de libros fue exitosa
2023-10-17 22:28:57,851 [32] INFO  BooksApiNetCore.Controllers.BooksNetCoreController - La busqueda de libros fue exitosa
2023-10-17 22:28:57,854 [17] INFO  BooksApiNetCore.Controllers.BooksNetCoreController - La busqueda de libros fue exitosa
2023-10-17 22:28:57,906 [32] INFO  BooksApiNetCore.Controllers.BooksNetCoreController - La busqueda de libros fue exitosa
2023-10-17 22:28:57,910 [31] INFO  BooksApiNetCore.Controllers.BooksNetCoreController - La busqueda de libros fue exitosa
2023-10-17 22:29:10,821 [22] INFO  BooksApiNetCore.Controllers.BooksNetCoreController - La busqueda de libros fue exitosa
2023-10-17 22:29:10,828 [31] INFO  BooksApiNetCore.Controllers.BooksNetCoreController - La busqueda de libros fue exitosa
2023-10-17 22:29:56,295 [32] INFO  BooksApiNetCore.Controllers.BooksNetCoreController - La busqueda de libros fue exitosa
2023-10-17 22:29:56,301 [30] INFO  BooksApiNetCore.Controllers.BooksNetCoreController - La busqueda de libros fue exitosa
2023-10-17 22:29:56,318 [18] INFO  BooksApiNetCore.Controllers.BooksNetCoreController - La busqueda de libros fue exitosa
2023-10-17 22:29:56,322 [31] INFO  BooksApiNetCore.Controllers.BooksNetCoreController - La busqueda de libros fue exitosa
2023-10-17 22:30:37,790 [30] INFO  BooksApiNetCore.Controllers.BooksNetCoreController - La busqueda de libros fue exitosa
2023-10-17 22:30:37,795 [18] INFO  BooksApiNetCore.Controllers.BooksNetCoreController - La busqueda de libros fue exitosa
2023-10-17 22:30:37,800 [18] INFO  BooksApiNetCore.Controllers.BooksNetCoreController - La busqueda de libros fue exitosa
2023-10-17 22:30:37,802 [18] INFO  BooksApiNetCore.Controllers.BooksNetCoreController - La busqueda de libros fue exitosa
2023-10-17 22:30:42,489 [18] INFO  BooksApiNetCore.Controllers.BooksNetCoreController - La busqueda de libros fue exitosa
2023-10-17 22:30:42,491 [18] INFO  BooksApiNetCore.Controllers.BooksNetCoreController - La busqueda de libros fue exitosa
2023-10-17 22:31:44,677 [18] INFO  BooksApiNetCore.Controllers.BooksNetCoreController - La busqueda de libros fue exitosa
2023-10-17 22:31:44,679 [18] INFO  BooksApiNetCore.Controllers.BooksNetCoreController - La busqueda de libros fue exitosa
2023-10-17 22:31:44,683 [7] INFO  BooksApiNetCore.Controllers.BooksNetCoreController - La busqueda de libros fue exitosa
2023-10-17 22:31:44,687 [28] INFO  BooksApiNetCore.Controllers.BooksNetCoreController - La busqueda de libros fue exitosa
2023-10-17 22:31:51,723 [18] INFO  BooksApiNetCore.Controllers.BooksNetCoreController - La busqueda de libros fue exitosa
2023-10-17 22:31:51,727 [6] INFO  BooksApiNetCore.Controllers.BooksNetCoreController - La busqueda de libros fue exitosa
2023-10-17 22:31:51,748 [7] INFO  BooksApiNetCore.Controllers.BooksNetCoreController - La busqueda de libros fue exitosa
2023-10-17 22:31:51,755 [6] INFO  BooksApiNetCore.Controllers.BooksNetCoreController - La busqueda de libros fue exitosa
2023-10-17 22:33:39,867 [18] INFO  BooksApiNetCore.Controllers.BooksNetCoreController - La busqueda de libros fue exitosa
2023-10-17 22:33:39,869 [18] INFO  BooksApiNetCore.Controllers.BooksNetCoreController - La busqueda de libros fue exitosa
2023-10-17 22:33:39,896 [18] INFO  BooksApiNetCore.Controllers.BooksNetCoreController - La busqueda de libros fue exitosa
2023-10-17 22:33:39,904 [13] INFO  BooksApiNetCore.Controllers.BooksNetCoreController - La busqueda de libros fue exitosa
2023-10-17 22:33:47,328 [13] INFO  BooksApiNetCore.Controllers.BooksNetCoreController - La busqueda de libros fue exitosa
2023-10-17 22:33:47,330 [13] INFO  BooksApiNetCore.Controllers.BooksNetCoreController - La busqueda de libros fue exitosa
2023-10-17 22:38:17,341 [18] INFO  BooksApiNetCore.Controllers.BooksNetCoreController - La busqueda de libros fue exitosa
2023-10-17 22:38:17,348 [28] INFO  BooksApiNetCore.Controllers.BooksNetCoreController - La busqueda de libros fue exitosa
2023-10-17 22:38:17,363 [28] INFO  BooksApiNetCore.Controllers.BooksNetCoreController - La busqueda de libros fue exitosa
2023-10-17 22:38:17,368 [5] INFO  BooksApiNetCore.Controllers.BooksNetCoreController - La busqueda de libros fue exitosa
2023-10-17 22:39:13,768 [18] INFO  BooksApiNetCore.Controllers.BooksNetCoreController - La busqueda de libros fue exitosa
2023-10-17 22:39:13,781 [5] INFO  BooksApiNetCore.Controllers.BooksNetCoreController - La busqueda de libros fue exitosa
2023-10-17 22:39:13,783 [18] INFO  BooksApiNetCore.Controllers.BooksNetCoreController - La busqueda de libros fue exitosa
2023-10-17 22:39:13,785 [38] INFO  BooksApiNetCore.Controllers.BooksNetCoreController - La busqueda de libros fue exitosa
2023-10-17 22:39:53,558 [18] INFO  BooksApiNetCore.Controllers.BooksNetCoreController - La busqueda de libros fue exitosa
2023-10-17 22:39:53,561 [18] INFO  BooksApiNetCore.Controllers.BooksNetCoreController - La busqueda de libros fue exitosa
2023-10-17 22:39:53,567 [38] INFO  BooksApiNetCore.Controllers.BooksNetCoreController - La busqueda de libros fue exitosa
2023-10-17 22:39:53,569 [38] INFO  BooksApiNetCore.Controllers.BooksNetCoreController - La busqueda de libros fue exitosa
2023-10-17 22:40:39,598 [18] INFO  BooksApiNetCore.Controllers.BooksNetCoreController - La busqueda de libros fue exitosa
2023-10-17 22:40:39,601 [44] INFO  BooksApiNetCore.Controllers.BooksNetCoreController - La busqueda de libros fue exitosa
2023-10-17 22:40:39,611 [38] INFO  BooksApiNetCore.Controllers.BooksNetCoreController - La busqueda de libros fue exitosa
2023-10-17 22:40:39,620 [18] INFO  BooksApiNetCore.Controllers.BooksNetCoreController - La busqueda de libros fue exitosa
2023-10-17 22:41:20,891 [43] INFO  BooksApiNetCore.Controllers.BooksNetCoreController - La busqueda de libros fue exitosa
2023-10-17 22:41:20,998 [38] INFO  BooksApiNetCore.Controllers.BooksNetCoreController - La busqueda de libros fue exitosa
2023-10-17 22:41:22,964 [44] INFO  BooksApiNetCore.Controllers.BooksNetCoreController - La busqueda de libros fue exitosa
2023-10-17 22:41:53,156 [38] INFO  BooksApiNetCore.Controllers.BooksNetCoreController - La busqueda de libros fue exitosa
2023-10-17 22:42:50,917 [42] INFO  BooksApiNetCore.Controllers.BooksNetCoreController - La busqueda de libros fue exitosa
2023-10-17 22:42:50,922 [47] INFO  BooksApiNetCore.Controllers.BooksNetCoreController - La busqueda de libros fue exitosa
2023-10-17 22:43:59,864 [38] INFO  BooksApiNetCore.Controllers.BooksNetCoreController - La busqueda de libros fue exitosa
2023-10-17 22:43:59,928 [39] INFO  BooksApiNetCore.Controllers.BooksNetCoreController - La busqueda de libros fue exitosa
2023-10-17 22:44:18,971 [38] INFO  BooksApiNetCore.Controllers.BooksNetCoreController - La busqueda de libros fue exitosa
2023-10-17 22:45:05,134 [47] INFO  BooksApiNetCore.Controllers.BooksNetCoreController - La busqueda de libros fue exitosa
2023-10-17 22:45:05,142 [3] INFO  BooksApiNetCore.Controllers.BooksNetCoreController - La busqueda de libros fue exitosa
2023-10-17 22:46:52,658 [5] INFO  BooksApiNetCore.Controllers.BooksNetCoreController - La busqueda de libros fue exitosa
2023-10-17 22:46:52,672 [5] INFO  BooksApiNetCore.Controllers.BooksNetCoreController - La busqueda de libros fue exitosa
2023-10-17 22:47:51,311 [13] INFO  BooksApiNetCore.Controllers.BooksNetCoreController - La busqueda de libros fue exitosa
2023-10-17 22:47:51,331 [5] INFO  BooksApiNetCore.Controllers.BooksNetCoreController - La busqueda de libros fue exitosa
2023-10-17 22:50:14,001 [13] INFO  BooksApiNetCore.Controllers.BooksNetCoreController - La busqueda de libros fue exitosa
2023-10-17 22:50:14,017 [30] INFO  BooksApiNetCore.Controllers.BooksNetCoreController - La busqueda de libros fue exitosa
2023-10-17 22:51:54,745 [6] INFO  BooksApiNetCore.Controllers.BooksNetCoreController - La busqueda de libros fue exitosa
2023-10-17 22:51:54,751 [9] INFO  BooksApiNetCore.Controllers.BooksNetCoreController - La busqueda de libros fue exitosa
2023-10-17 22:52:44,186 [9] INFO  BooksApiNetCore.Controllers.BooksNetCoreController - La busqueda de libros fue exitosa
2023-10-17 22:52:44,198 [9] INFO  BooksApiNetCore.Controllers.BooksNetCoreController - La busqueda de libros fue exitosa
2023-10-17 22:55:29,882 [5] INFO  BooksApiNetCore.Controllers.BooksNetCoreController - La busqueda de libros fue exitosa
2023-10-17 22:55:29,929 [5] INFO  BooksApiNetCore.Controllers.BooksNetCoreController - La busqueda de libros fue exitosa
2023-10-17 22:56:00,713 [42] INFO  BooksApiNetCore.Controllers.BooksNetCoreController - La busqueda de libros fue exitosa
2023-10-17 22:56:00,748 [45] INFO  BooksApiNetCore.Controllers.BooksNetCoreController - La busqueda de libros fue exitosa
2023-10-17 22:56:21,280 [24] INFO  BooksApiNetCore.Controllers.BooksNetCoreController - La busqueda de libros fue exitosa
2023-10-17 22:56:21,319 [44] INFO  BooksApiNetCore.Controllers.BooksNetCoreController - La busqueda de libros fue exitosa
2023-10-17 22:57:06,207 [45] INFO  BooksApiNetCore.Controllers.BooksNetCoreController - La busqueda de libros fue exitosa
2023-10-17 22:57:06,221 [26] INFO  BooksApiNetCore.Controllers.BooksNetCoreController - La busqueda de libros fue exitosa
2023-10-17 23:01:34,552 [29] INFO  BooksApiNetCore.Controllers.BooksNetCoreController - La busqueda de libros fue exitosa
2023-10-17 23:01:34,596 [29] INFO  BooksApiNetCore.Controllers.BooksNetCoreController - La busqueda de libros fue exitosa
2023-10-17 23:02:20,343 [29] ERROR BooksApiNetCore.Controllers.BooksNetCoreController - El libro con el titulo: 23, ya existe
2023-10-17 23:03:02,288 [29] ERROR BooksApiNetCore.Controllers.BooksNetCoreController - El libro con el titulo: 23, ya existe
2023-10-17 23:03:45,050 [19] INFO  BooksApiNetCore.Controllers.BooksNetCoreController - La busqueda de libros fue exitosa
2023-10-17 23:03:45,119 [35] INFO  BooksApiNetCore.Controllers.BooksNetCoreController - La busqueda de libros fue exitosa
2023-10-17 23:03:52,864 [33] ERROR BooksApiNetCore.Controllers.BooksNetCoreController - El libro con el titulo: 23, ya existe
2023-10-17 23:13:48,657 [8] INFO  BooksApiNetCore.Controllers.BooksNetCoreController - La busqueda de libros fue exitosa
2023-10-17 23:13:48,668 [34] INFO  BooksApiNetCore.Controllers.BooksNetCoreController - La busqueda de libros fue exitosa
2023-10-17 23:16:07,301 [34] INFO  BooksApiNetCore.Controllers.BooksNetCoreController - La busqueda de libros fue exitosa
2023-10-17 23:16:07,315 [34] INFO  BooksApiNetCore.Controllers.BooksNetCoreController - La busqueda de libros fue exitosa
2023-10-17 23:17:40,053 [36] INFO  BooksApiNetCore.Controllers.BooksNetCoreController - La busqueda de libros fue exitosa
2023-10-17 23:17:40,113 [37] INFO  BooksApiNetCore.Controllers.BooksNetCoreController - La busqueda de libros fue exitosa
2023-10-17 23:19:38,476 [34] INFO  BooksApiNetCore.Controllers.BooksNetCoreController - La busqueda de libros fue exitosa
2023-10-17 23:19:38,516 [34] INFO  BooksApiNetCore.Controllers.BooksNetCoreController - La busqueda de libros fue exitosa
2023-10-17 23:20:55,442 [29] INFO  BooksApiNetCore.Controllers.BooksNetCoreController - La busqueda de libros fue exitosa
2023-10-17 23:20:55,451 [37] INFO  BooksApiNetCore.Controllers.BooksNetCoreController - La busqueda de libros fue exitosa
2023-10-17 23:21:44,969 [29] INFO  BooksApiNetCore.Controllers.BooksNetCoreController - La busqueda de libros fue exitosa
2023-10-17 23:21:44,972 [37] INFO  BooksApiNetCore.Controllers.BooksNetCoreController - La busqueda de libros fue exitosa
2023-10-17 23:22:42,272 [29] INFO  BooksApiNetCore.Controllers.BooksNetCoreController - La busqueda de libros fue exitosa
2023-10-17 23:22:42,282 [5] INFO  BooksApiNetCore.Controllers.BooksNetCoreController - La busqueda de libros fue exitosa
2023-10-17 23:23:53,738 [39] INFO  BooksApiNetCore.Controllers.BooksNetCoreController - La busqueda de libros fue exitosa
2023-10-17 23:23:53,740 [42] INFO  BooksApiNetCore.Controllers.BooksNetCoreController - La busqueda de libros fue exitosa
2023-10-17 23:26:08,519 [39] INFO  BooksApiNetCore.Controllers.BooksNetCoreController - La busqueda de libros fue exitosa
2023-10-17 23:26:08,534 [39] INFO  BooksApiNetCore.Controllers.BooksNetCoreController - La busqueda de libros fue exitosa
2023-10-17 23:32:03,095 [37] INFO  BooksApiNetCore.Controllers.BooksNetCoreController - La busqueda de libros fue exitosa
2023-10-17 23:32:03,162 [39] INFO  BooksApiNetCore.Controllers.BooksNetCoreController - La busqueda de libros fue exitosa
2023-10-17 23:32:26,502 [37] INFO  BooksApiNetCore.Controllers.BooksNetCoreController - La busqueda de libros fue exitosa
2023-10-17 23:32:26,521 [37] INFO  BooksApiNetCore.Controllers.BooksNetCoreController - La busqueda de libros fue exitosa
2023-10-17 23:32:31,944 [34] INFO  BooksApiNetCore.Controllers.BooksNetCoreController - La busqueda de libros fue exitosa
2023-10-17 23:32:31,974 [47] INFO  BooksApiNetCore.Controllers.BooksNetCoreController - La busqueda de libros fue exitosa
2023-10-17 23:32:42,384 [39] INFO  BooksApiNetCore.Controllers.BooksNetCoreController - La busqueda de libros fue exitosa
2023-10-17 23:32:42,388 [39] INFO  BooksApiNetCore.Controllers.BooksNetCoreController - La busqueda de libros fue exitosa
2023-10-17 23:33:32,274 [17] INFO  BooksApiNetCore.Controllers.BooksNetCoreController - La busqueda de libros fue exitosa
2023-10-17 23:34:26,577 [17] INFO  BooksApiNetCore.Controllers.BooksNetCoreController - La busqueda de libros fue exitosa
2023-10-17 23:34:26,623 [37] INFO  BooksApiNetCore.Controllers.BooksNetCoreController - La busqueda de libros fue exitosa
2023-10-17 23:35:02,023 [9] ERROR BooksApiNetCore.Controllers.BooksNetCoreController - No se encuentra ningun libro con el titulo: 23
2023-10-17 23:37:13,635 [24] INFO  BooksApiNetCore.Controllers.BooksNetCoreController - La busqueda de libros fue exitosa
2023-10-17 23:37:13,652 [28] INFO  BooksApiNetCore.Controllers.BooksNetCoreController - La busqueda de libros fue exitosa
2023-10-17 23:39:21,682 [37] INFO  BooksApiNetCore.Controllers.BooksNetCoreController - La busqueda de libros fue exitosa
2023-10-17 23:39:21,705 [7] INFO  BooksApiNetCore.Controllers.BooksNetCoreController - La busqueda de libros fue exitosa
2023-10-17 23:41:07,650 [23] INFO  BooksApiNetCore.Controllers.BooksNetCoreController - La busqueda de libros fue exitosa
2023-10-17 23:41:07,657 [23] INFO  BooksApiNetCore.Controllers.BooksNetCoreController - La busqueda de libros fue exitosa
2023-10-17 23:41:08,746 [23] INFO  BooksApiNetCore.Controllers.BooksNetCoreController - La busqueda de libros fue exitosa
2023-10-17 23:41:08,792 [13] INFO  BooksApiNetCore.Controllers.BooksNetCoreController - La busqueda de libros fue exitosa
2023-10-17 23:41:54,334 [13] INFO  BooksApiNetCore.Controllers.BooksNetCoreController - La busqueda de libros fue exitosa
2023-10-17 23:41:54,382 [7] INFO  BooksApiNetCore.Controllers.BooksNetCoreController - La busqueda de libros fue exitosa
2023-10-17 23:43:23,310 [25] INFO  BooksApiNetCore.Controllers.BooksNetCoreController - La busqueda de libros fue exitosa
2023-10-17 23:43:23,345 [56] INFO  BooksApiNetCore.Controllers.BooksNetCoreController - La busqueda de libros fue exitosa
2023-10-17 23:44:17,143 [13] INFO  BooksApiNetCore.Controllers.BooksNetCoreController - La busqueda de libros fue exitosa
2023-10-17 23:44:17,145 [59] INFO  BooksApiNetCore.Controllers.BooksNetCoreController - La busqueda de libros fue exitosa
2023-10-17 23:44:36,227 [59] INFO  BooksApiNetCore.Controllers.BooksNetCoreController - La busqueda de libros fue exitosa
2023-10-17 23:44:36,240 [56] INFO  BooksApiNetCore.Controllers.BooksNetCoreController - La busqueda de libros fue exitosa
2023-10-17 23:44:40,805 [58] INFO  BooksApiNetCore.Controllers.BooksNetCoreController - La busqueda de libros fue exitosa
2023-10-17 23:44:40,821 [13] INFO  BooksApiNetCore.Controllers.BooksNetCoreController - La busqueda de libros fue exitosa
2023-10-17 23:44:44,968 [13] INFO  BooksApiNetCore.Controllers.BooksNetCoreController - La busqueda de libros fue exitosa
2023-10-17 23:44:45,003 [13] INFO  BooksApiNetCore.Controllers.BooksNetCoreController - La busqueda de libros fue exitosa
2023-10-17 23:44:48,779 [56] INFO  BooksApiNetCore.Controllers.BooksNetCoreController - La busqueda de libros fue exitosa
2023-10-17 23:44:48,808 [56] INFO  BooksApiNetCore.Controllers.BooksNetCoreController - La busqueda de libros fue exitosa
2023-10-17 23:44:59,066 [59] INFO  BooksApiNetCore.Controllers.BooksNetCoreController - La busqueda de libros fue exitosa
2023-10-17 23:44:59,111 [58] INFO  BooksApiNetCore.Controllers.BooksNetCoreController - La busqueda de libros fue exitosa
2023-10-17 23:45:43,651 [58] INFO  BooksApiNetCore.Controllers.BooksNetCoreController - La busqueda de libros fue exitosa
2023-10-17 23:45:43,692 [62] INFO  BooksApiNetCore.Controllers.BooksNetCoreController - La busqueda de libros fue exitosa
2023-10-17 23:46:20,588 [61] INFO  BooksApiNetCore.Controllers.BooksNetCoreController - La busqueda de libros fue exitosa
2023-10-17 23:46:20,667 [60] INFO  BooksApiNetCore.Controllers.BooksNetCoreController - La busqueda de libros fue exitosa
2023-10-17 23:47:46,784 [62] INFO  BooksApiNetCore.Controllers.BooksNetCoreController - La busqueda de libros fue exitosa
2023-10-17 23:47:46,984 [62] INFO  BooksApiNetCore.Controllers.BooksNetCoreController - La busqueda de libros fue exitosa
2023-10-17 23:52:37,941 [67] INFO  BooksApiNetCore.Controllers.BooksNetCoreController - La busqueda de libros fue exitosa
2023-10-17 23:52:38,018 [72] INFO  BooksApiNetCore.Controllers.BooksNetCoreController - La busqueda de libros fue exitosa
2023-10-17 23:52:47,818 [69] ERROR BooksApiNetCore.Controllers.BooksNetCoreController - No se encuentra ningun libro con el titulo: 23
2023-10-17 23:53:01,237 [62] INFO  BooksApiNetCore.Controllers.BooksNetCoreController - La busqueda de libros fue exitosa
2023-10-17 23:53:01,280 [69] INFO  BooksApiNetCore.Controllers.BooksNetCoreController - La busqueda de libros fue exitosa
2023-10-18 00:09:45,460 [13] INFO  BooksApiNetCore.Controllers.BooksNetCoreController - La busqueda de libros fue exitosa
2023-10-18 13:01:16,820 [3] INFO  BooksApiNetCore.Controllers.BooksNetCoreController - La busqueda de libros fue exitosa
2023-10-18 13:01:17,701 [3] INFO  BooksApiNetCore.Controllers.BooksNetCoreController - La busqueda de libros fue exitosa
2023-10-18 13:02:49,136 [5] INFO  BooksApiNetCore.Controllers.BooksNetCoreController - La busqueda de libros fue exitosa
2023-10-18 13:03:14,969 [25] INFO  BooksApiNetCore.Controllers.BooksNetCoreController - La busqueda de libros fue exitosa
2023-10-18 13:04:00,564 [13] INFO  BooksApiNetCore.Controllers.BooksNetCoreController - La busqueda de libros fue exitosa
2023-10-18 13:04:20,891 [3] ERROR BooksApiNetCore.Controllers.BooksNetCoreController - No se encuentra ningun libro con el titulo: 23
2023-10-18 13:04:22,556 [3] ERROR BooksApiNetCore.Controllers.BooksNetCoreController - No se encuentra ningun libro con el titulo: 23
2023-10-18 13:04:30,639 [3] ERROR BooksApiNetCore.Controllers.BooksNetCoreController - No se encuentra ningun libro con el titulo: 23
2023-10-18 13:07:01,392 [3] INFO  BooksApiNetCore.Controllers.BooksNetCoreController - La busqueda de libros fue exitosa
2023-10-18 13:07:02,070 [15] INFO  BooksApiNetCore.Controllers.BooksNetCoreController - La busqueda de libros fue exitosa
2023-10-18 13:07:02,700 [3] INFO  BooksApiNetCore.Controllers.BooksNetCoreController - La busqueda de libros fue exitosa
2023-10-18 13:07:03,413 [26] INFO  BooksApiNetCore.Controllers.BooksNetCoreController - La busqueda de libros fue exitosa
2023-10-18 13:07:16,117 [3] INFO  BooksApiNetCore.Controllers.BooksNetCoreController - La busqueda de libros fue exitosa
2023-10-18 13:07:26,746 [3] ERROR BooksApiNetCore.Controllers.BooksNetCoreController - No se encuentra ningun libro con el titulo: 23
2023-10-18 13:07:37,435 [3] ERROR BooksApiNetCore.Controllers.BooksNetCoreController - No se encuentra ningun libro con el titulo: 23
