2023-10-14 01:42:47,033 DEBUG - La busqueda de libros fue exitosa -Thread [10] 
2023-10-14 01:43:26,677 INFO  - La busqueda de libros fue exitosa -Thread [58] 
2023-10-14 01:45:25,954 INFO  - La busqueda de libros fue exitosa -Thread [37] 
2023-10-14 01:46:53,852 ERROR - No se encuentra ningun libro con el titulo indicado -Thread [15] 
2023-10-14 01:49:33,881 ERROR - No se encuentra ningun libro con el titulo: El -Thread [47] 
2023-10-14 01:50:46,010 ERROR - El titulo del libro no puede ser vacio -Thread [37] 
2023-10-14 01:51:13,786 ERROR - El titulo del libro no puede ser vacio -Thread [46] 
2023-10-14 01:51:33,975 ERROR - El autor del libro no puede ser vacio -Thread [46] 
2023-10-14 01:51:51,075 ERROR - Debe ingresar la fecha de publicacion -Thread [46] 
2023-10-14 01:51:58,306 ERROR - Debe ingresar la fecha de publicacion -Thread [46] 
2023-10-14 01:59:08,275 ERROR - No se puede encontrar una parte de la ruta de acceso 'D:\Examen\BooksDto\DataSourceBooks\'. -Thread [35] 
2023-10-14 02:00:23,375 ERROR - No se puede encontrar una parte de la ruta de acceso 'D:\Examen\BooksDto\DataSourceBooks\'. -Thread [51] 
2023-10-14 02:00:44,426 ERROR - El libro con el titulo: El principito, que intenta agregar, ya existe -Thread [42] 
2023-10-14 11:30:27,443 INFO  - La busqueda de libros fue exitosa -Thread [5] 
2023-10-14 13:50:04,314 INFO  - La busqueda de libros fue exitosa -Thread [6] 
2023-10-14 13:50:28,425 INFO  - La busqueda de libros fue exitosa -Thread [6] 
2023-10-14 18:57:12,053 INFO  - La busqueda de libros fue exitosa -Thread [7] 
2023-10-14 18:57:14,133 INFO  - La busqueda de libros fue exitosa -Thread [7] 
2023-10-14 18:57:25,133 INFO  - La busqueda de libros fue exitosa -Thread [7] 
2023-10-14 18:57:43,796 INFO  - La busqueda de libros fue exitosa -Thread [9] 
2023-10-14 18:58:30,152 INFO  - La busqueda de libros fue exitosa -Thread [9] 
2023-10-14 19:14:40,196 INFO  - La busqueda de libros fue exitosa -Thread [7] 
2023-10-14 19:15:57,128 INFO  - La busqueda de libros fue exitosa -Thread [9] 
2023-10-14 19:16:01,487 INFO  - La busqueda de libros fue exitosa -Thread [7] 
2023-10-14 19:18:50,205 INFO  - La busqueda de libros fue exitosa -Thread [7] 
2023-10-14 19:18:53,444 INFO  - La busqueda de libros fue exitosa -Thread [49] 
2023-10-14 19:20:09,013 INFO  - La busqueda de libros fue exitosa -Thread [9] 
2023-10-14 19:23:07,515 INFO  - La busqueda de libros fue exitosa -Thread [9] 
2023-10-14 19:23:11,045 INFO  - La busqueda de libros fue exitosa -Thread [9] 
2023-10-14 19:23:41,068 INFO  - La busqueda de libros fue exitosa -Thread [53] 
2023-10-14 19:23:48,983 INFO  - La busqueda de libros fue exitosa -Thread [9] 
2023-10-14 19:25:44,560 INFO  - La busqueda de libros fue exitosa -Thread [9] 
2023-10-14 19:46:01,541 INFO  - La busqueda de libros fue exitosa -Thread [71] 
2023-10-14 19:46:35,161 INFO  - La busqueda de libros fue exitosa -Thread [72] 
2023-10-14 19:47:52,380 INFO  - La busqueda de libros fue exitosa -Thread [71] 
2023-10-14 19:52:00,631 INFO  - La busqueda de libros fue exitosa -Thread [77] 
2023-10-14 19:52:52,701 INFO  - La busqueda de libros fue exitosa -Thread [77] 
2023-10-14 19:52:56,365 INFO  - La busqueda de libros fue exitosa -Thread [76] 
2023-10-14 19:53:51,776 INFO  - La busqueda de libros fue exitosa -Thread [76] 
2023-10-14 19:53:55,294 INFO  - La busqueda de libros fue exitosa -Thread [74] 
2023-10-14 19:55:06,857 INFO  - La busqueda de libros fue exitosa -Thread [76] 
2023-10-14 19:55:08,528 INFO  - La busqueda de libros fue exitosa -Thread [74] 
2023-10-14 19:55:44,603 INFO  - La busqueda de libros fue exitosa -Thread [69] 
2023-10-14 19:55:47,589 INFO  - La busqueda de libros fue exitosa -Thread [76] 
2023-10-14 19:56:11,971 INFO  - La busqueda de libros fue exitosa -Thread [76] 
2023-10-14 20:03:59,221 INFO  - La busqueda de libros fue exitosa -Thread [67] 
2023-10-14 20:04:42,771 INFO  - La busqueda de libros fue exitosa -Thread [57] 
2023-10-14 20:04:44,953 INFO  - La busqueda de libros fue exitosa -Thread [59] 
2023-10-14 20:04:59,940 INFO  - La busqueda de libros fue exitosa -Thread [59] 
2023-10-14 20:05:20,736 INFO  - La busqueda de libros fue exitosa -Thread [76] 
2023-10-14 20:05:23,018 INFO  - La busqueda de libros fue exitosa -Thread [53] 
2023-10-14 20:05:36,072 INFO  - La busqueda de libros fue exitosa -Thread [67] 
2023-10-14 20:05:38,535 INFO  - La busqueda de libros fue exitosa -Thread [76] 
2023-10-14 20:05:46,978 INFO  - La busqueda de libros fue exitosa -Thread [67] 
2023-10-14 20:05:48,915 INFO  - La busqueda de libros fue exitosa -Thread [76] 
2023-10-14 20:09:26,171 INFO  - La busqueda de libros fue exitosa -Thread [67] 
2023-10-14 20:10:11,833 INFO  - La busqueda de libros fue exitosa -Thread [76] 
2023-10-14 20:11:05,669 INFO  - La busqueda de libros fue exitosa -Thread [76] 
2023-10-14 20:12:08,290 INFO  - La busqueda de libros fue exitosa -Thread [67] 
2023-10-14 20:12:27,270 INFO  - La busqueda de libros fue exitosa -Thread [65] 
2023-10-14 20:12:31,430 INFO  - La busqueda de libros fue exitosa -Thread [67] 
2023-10-14 20:14:52,321 INFO  - La busqueda de libros fue exitosa -Thread [67] 
2023-10-14 20:15:17,424 INFO  - La busqueda de libros fue exitosa -Thread [65] 
2023-10-14 20:15:47,274 INFO  - La busqueda de libros fue exitosa -Thread [59] 
2023-10-14 20:16:32,440 INFO  - La busqueda de libros fue exitosa -Thread [67] 
2023-10-14 20:17:15,467 INFO  - La busqueda de libros fue exitosa -Thread [65] 
2023-10-14 20:17:36,860 INFO  - La busqueda de libros fue exitosa -Thread [67] 
2023-10-14 20:18:09,585 INFO  - La busqueda de libros fue exitosa -Thread [67] 
2023-10-14 20:20:25,121 INFO  - La busqueda de libros fue exitosa -Thread [67] 
2023-10-14 20:21:16,081 INFO  - La busqueda de libros fue exitosa -Thread [53] 
2023-10-14 20:21:18,118 INFO  - La busqueda de libros fue exitosa -Thread [59] 
2023-10-14 20:23:30,788 INFO  - La busqueda de libros fue exitosa -Thread [64] 
2023-10-14 20:25:42,259 INFO  - La busqueda de libros fue exitosa -Thread [59] 
2023-10-14 20:25:45,803 INFO  - La busqueda de libros fue exitosa -Thread [61] 
2023-10-14 20:25:46,179 INFO  - La busqueda de libros fue exitosa -Thread [59] 
2023-10-14 20:26:14,603 INFO  - La busqueda de libros fue exitosa -Thread [59] 
2023-10-14 20:26:33,552 INFO  - La busqueda de libros fue exitosa -Thread [59] 
2023-10-14 20:26:38,185 INFO  - La busqueda de libros fue exitosa -Thread [59] 
2023-10-14 20:26:47,138 INFO  - La busqueda de libros fue exitosa -Thread [59] 
2023-10-14 20:27:32,671 INFO  - La busqueda de libros fue exitosa -Thread [59] 
2023-10-14 20:27:37,157 INFO  - La busqueda de libros fue exitosa -Thread [59] 
2023-10-14 20:28:02,447 INFO  - La busqueda de libros fue exitosa -Thread [59] 
2023-10-14 20:28:35,452 INFO  - La busqueda de libros fue exitosa -Thread [59] 
2023-10-14 20:28:37,264 INFO  - La busqueda de libros fue exitosa -Thread [59] 
2023-10-14 20:30:03,730 INFO  - La busqueda de libros fue exitosa -Thread [62] 
2023-10-14 20:30:07,910 INFO  - La busqueda de libros fue exitosa -Thread [64] 
2023-10-14 20:38:40,567 INFO  - La busqueda de libros fue exitosa -Thread [64] 
2023-10-14 20:38:59,598 INFO  - La busqueda de libros fue exitosa -Thread [64] 
2023-10-14 20:39:59,214 INFO  - La busqueda de libros fue exitosa -Thread [60] 
2023-10-14 20:41:59,387 INFO  - La busqueda de libros fue exitosa -Thread [51] 
2023-10-14 20:42:06,600 INFO  - La busqueda de libros fue exitosa -Thread [60] 
2023-10-14 20:42:10,803 INFO  - La busqueda de libros fue exitosa -Thread [60] 
2023-10-14 20:43:13,870 INFO  - La busqueda de libros fue exitosa -Thread [51] 
2023-10-14 20:43:15,505 INFO  - La busqueda de libros fue exitosa -Thread [60] 
2023-10-14 20:44:28,789 INFO  - La busqueda de libros fue exitosa -Thread [51] 
2023-10-14 20:44:33,666 INFO  - La busqueda de libros fue exitosa -Thread [52] 
2023-10-14 20:47:46,184 INFO  - La busqueda de libros fue exitosa -Thread [55] 
2023-10-14 20:48:35,814 INFO  - La busqueda de libros fue exitosa -Thread [51] 
2023-10-14 20:49:40,436 INFO  - La busqueda de libros fue exitosa -Thread [51] 
2023-10-14 20:49:46,871 INFO  - La busqueda de libros fue exitosa -Thread [51] 
2023-10-14 20:50:14,705 ERROR - No se encuentra ningun libro con el titulo: civil -Thread [51] 
2023-10-14 20:56:30,648 INFO  - La busqueda de libros fue exitosa -Thread [55] 
2023-10-14 20:56:34,552 INFO  - La busqueda de libros fue exitosa -Thread [55] 
2023-10-14 20:57:17,417 INFO  - La busqueda de libros fue exitosa -Thread [55] 
2023-10-14 20:57:20,654 INFO  - La busqueda de libros fue exitosa -Thread [55] 
2023-10-14 20:57:30,307 ERROR - No se encuentran libros con el autor indicado -Thread [55] 
2023-10-14 20:57:52,975 INFO  - La busqueda de libros fue exitosa -Thread [55] 
2023-10-14 20:57:54,804 INFO  - La busqueda de libros fue exitosa -Thread [55] 
2023-10-14 20:58:01,096 ERROR - No se encuentran libros con el autor indicado -Thread [55] 
2023-10-14 21:53:16,204 INFO  - La busqueda de libros fue exitosa -Thread [9] 
2023-10-14 21:53:36,384 INFO  - La busqueda de libros fue exitosa -Thread [10] 
2023-10-14 21:53:44,363 INFO  - La busqueda de libros fue exitosa -Thread [10] 
2023-10-14 21:53:46,991 INFO  - La busqueda de libros fue exitosa -Thread [10] 
2023-10-14 21:54:30,016 INFO  - La busqueda de libros fue exitosa -Thread [9] 
2023-10-14 21:57:17,274 INFO  - La busqueda de libros fue exitosa -Thread [20] 
2023-10-14 21:57:37,352 INFO  - La busqueda de libros fue exitosa -Thread [10] 
2023-10-14 21:58:14,871 INFO  - La busqueda de libros fue exitosa -Thread [20] 
2023-10-14 21:58:32,986 INFO  - La busqueda de libros fue exitosa -Thread [20] 
2023-10-14 21:59:45,908 INFO  - La busqueda de libros fue exitosa -Thread [20] 
2023-10-14 21:59:52,099 INFO  - La busqueda de libros fue exitosa -Thread [20] 
2023-10-14 21:59:54,420 INFO  - La busqueda de libros fue exitosa -Thread [15] 
2023-10-14 22:00:35,181 INFO  - La busqueda de libros fue exitosa -Thread [15] 
2023-10-14 22:00:44,796 ERROR - No se encuentra ningun libro con el titulo: SD -Thread [15] 
2023-10-14 22:01:20,984 INFO  - La busqueda de libros fue exitosa -Thread [15] 
2023-10-14 22:01:25,106 INFO  - La busqueda de libros fue exitosa -Thread [11] 
2023-10-14 22:05:44,772 INFO  - La busqueda de libros fue exitosa -Thread [11] 
2023-10-14 22:07:10,187 INFO  - La busqueda de libros fue exitosa -Thread [11] 
2023-10-14 22:07:13,719 INFO  - La busqueda de libros fue exitosa -Thread [11] 
2023-10-14 22:17:27,052 INFO  - La busqueda de libros fue exitosa -Thread [25] 
2023-10-14 22:18:20,866 INFO  - La busqueda de libros fue exitosa -Thread [31] 
2023-10-14 22:18:25,099 INFO  - La busqueda de libros fue exitosa -Thread [27] 
2023-10-14 22:18:50,891 INFO  - La busqueda de libros fue exitosa -Thread [27] 
2023-10-14 22:19:00,523 INFO  - La busqueda de libros fue exitosa -Thread [27] 
2023-10-14 22:20:43,255 INFO  - La busqueda de libros fue exitosa -Thread [25] 
2023-10-14 22:20:58,430 ERROR - No se puede encontrar una parte de la ruta de acceso 'D:\Examen\BooksDto\DataSourceBooks\'. -Thread [31] 
2023-10-14 22:21:22,251 INFO  - La busqueda de libros fue exitosa -Thread [25] 
2023-10-14 22:21:29,126 ERROR - No se puede encontrar una parte de la ruta de acceso 'D:\Examen\BooksDto\DataSourceBooks\'. -Thread [31] 
2023-10-14 22:21:44,257 INFO  - La busqueda de libros fue exitosa -Thread [25] 
2023-10-14 22:22:11,201 ERROR - No se puede encontrar una parte de la ruta de acceso 'D:\Examen\BooksDto\DataSourceBooks\'. -Thread [25] 
2023-10-14 22:22:15,034 INFO  - La busqueda de libros fue exitosa -Thread [40] 
2023-10-14 22:22:53,919 ERROR - No se puede encontrar una parte de la ruta de acceso 'D:\Examen\BooksDto\DataSourceBooks\'. -Thread [25] 
2023-10-14 22:25:01,442 INFO  - La busqueda de libros fue exitosa -Thread [31] 
2023-10-14 22:27:07,963 INFO  - La busqueda de libros fue exitosa -Thread [31] 
2023-10-14 22:27:23,435 ERROR - No se puede encontrar una parte de la ruta de acceso 'D:\Examen\BooksDto\DataSourceBooks\'. -Thread [31] 
2023-10-14 22:28:15,634 INFO  - La busqueda de libros fue exitosa -Thread [49] 
2023-10-14 22:28:24,947 INFO  - Libro Alice's Adventures in Wonderland elminado correctamente -Thread [31] 
2023-10-14 22:28:32,800 INFO  - La busqueda de libros fue exitosa -Thread [31] 
2023-10-14 22:28:34,647 INFO  - La busqueda de libros fue exitosa -Thread [47] 
2023-10-14 22:32:30,793 INFO  - La busqueda de libros fue exitosa -Thread [48] 
2023-10-14 22:32:34,252 INFO  - Libro 1984 elminado correctamente -Thread [53] 
2023-10-14 22:32:39,057 ERROR - No se encuentra ningun libro con el titulo: 1984 -Thread [48] 
2023-10-14 22:32:42,378 INFO  - La busqueda de libros fue exitosa -Thread [49] 
2023-10-14 22:40:29,517 INFO  - La busqueda de libros fue exitosa -Thread [48] 
2023-10-14 22:40:38,776 INFO  - La busqueda de libros fue exitosa -Thread [48] 
2023-10-14 22:40:46,410 INFO  - Libro Crime and Punishment elminado correctamente -Thread [47] 
2023-10-14 22:40:51,177 ERROR - No se encuentra ningun libro con el titulo: Crime and Punishment -Thread [48] 
2023-10-14 22:43:20,910 INFO  - La busqueda de libros fue exitosa -Thread [48] 
2023-10-14 22:43:23,411 INFO  - La busqueda de libros fue exitosa -Thread [48] 
2023-10-14 22:44:19,013 INFO  - La busqueda de libros fue exitosa -Thread [48] 
2023-10-14 22:44:20,206 INFO  - La busqueda de libros fue exitosa -Thread [61] 
2023-10-14 22:49:20,020 INFO  - La busqueda de libros fue exitosa -Thread [60] 
2023-10-14 22:49:30,879 INFO  - Libro Cien años de soledad elminado correctamente -Thread [60] 
2023-10-14 22:52:15,704 INFO  - La busqueda de libros fue exitosa -Thread [61] 
2023-10-14 22:52:27,234 INFO  - Libro Pride and Prejudice elminado correctamente -Thread [32] 
2023-10-14 22:53:09,980 INFO  - La busqueda de libros fue exitosa -Thread [65] 
2023-10-14 23:29:09,763 INFO  - Libro Divina elminado correctamente -Thread [5] 
2023-10-14 23:37:40,206 INFO  - La busqueda de libros fue exitosa -Thread [19] 
2023-10-14 23:37:49,493 INFO  - La busqueda de libros fue exitosa -Thread [19] 
2023-10-14 23:39:28,867 INFO  - La busqueda de libros fue exitosa -Thread [18] 
2023-10-14 23:40:45,827 INFO  - La busqueda de libros fue exitosa -Thread [26] 
2023-10-14 23:41:22,146 INFO  - La busqueda de libros fue exitosa -Thread [27] 
2023-10-14 23:41:43,350 INFO  - La busqueda de libros fue exitosa -Thread [28] 
2023-10-14 23:42:53,510 INFO  - La busqueda de libros fue exitosa -Thread [19] 
2023-10-14 23:44:22,638 INFO  - La busqueda de libros fue exitosa -Thread [30] 
2023-10-14 23:44:37,654 INFO  - La busqueda de libros fue exitosa -Thread [34] 
2023-10-14 23:44:49,746 INFO  - La busqueda de libros fue exitosa -Thread [30] 
2023-10-14 23:45:08,747 INFO  - La busqueda de libros fue exitosa -Thread [15] 
2023-10-14 23:46:05,368 INFO  - La busqueda de libros fue exitosa -Thread [30] 
2023-10-14 23:47:32,741 INFO  - La busqueda de libros fue exitosa -Thread [39] 
2023-10-14 23:47:41,683 INFO  - La busqueda de libros fue exitosa -Thread [34] 
2023-10-14 23:47:45,826 INFO  - La busqueda de libros fue exitosa -Thread [40] 
2023-10-14 23:48:10,741 INFO  - La busqueda de libros fue exitosa -Thread [42] 
2023-10-14 23:48:16,793 INFO  - La busqueda de libros fue exitosa -Thread [43] 
2023-10-14 23:48:20,939 INFO  - Libro Divina Comedia elminado correctamente -Thread [43] 
2023-10-14 23:49:14,122 INFO  - La busqueda de libros fue exitosa -Thread [43] 
2023-10-14 23:49:22,608 INFO  - Libro Divina Comedia 2 elminado correctamente -Thread [42] 
2023-10-14 23:50:18,778 INFO  - La busqueda de libros fue exitosa -Thread [21] 
2023-10-14 23:53:16,361 INFO  - La busqueda de libros fue exitosa -Thread [46] 
2023-10-14 23:53:33,813 INFO  - La busqueda de libros fue exitosa -Thread [43] 
2023-10-14 23:54:05,196 INFO  - La busqueda de libros fue exitosa -Thread [21] 
2023-10-14 23:54:18,858 INFO  - La busqueda de libros fue exitosa -Thread [54] 
2023-10-14 23:54:27,937 INFO  - La busqueda de libros fue exitosa -Thread [42] 
2023-10-14 23:54:46,809 INFO  - La busqueda de libros fue exitosa -Thread [42] 
2023-10-14 23:54:54,547 INFO  - La busqueda de libros fue exitosa -Thread [34] 
2023-10-14 23:55:12,886 INFO  - La busqueda de libros fue exitosa -Thread [42] 
2023-10-14 23:55:30,198 INFO  - La busqueda de libros fue exitosa -Thread [53] 
2023-10-14 23:56:07,466 INFO  - La busqueda de libros fue exitosa -Thread [32] 
2023-10-14 23:56:43,791 INFO  - La busqueda de libros fue exitosa -Thread [55] 
2023-10-14 23:56:52,260 INFO  - La busqueda de libros fue exitosa -Thread [32] 
2023-10-14 23:57:20,995 ERROR - No se encuentra ningun libro con el titulo: ma -Thread [43] 
2023-10-14 23:57:34,770 INFO  - Libro El principito elminado correctamente -Thread [58] 
2023-10-14 23:57:53,049 INFO  - Libro The Shining elminado correctamente -Thread [32] 
2023-10-14 23:57:53,059 ERROR - No se encuentran libros con el autor indicado -Thread [58] 
2023-10-14 23:58:23,185 INFO  - La busqueda de libros fue exitosa -Thread [42] 
2023-10-14 23:58:32,547 INFO  - La busqueda de libros fue exitosa -Thread [57] 
2023-10-14 23:59:09,531 INFO  - La busqueda de libros fue exitosa -Thread [48] 
2023-10-14 23:59:28,241 INFO  - La busqueda de libros fue exitosa -Thread [32] 
2023-10-14 23:59:36,998 INFO  - La busqueda de libros fue exitosa -Thread [59] 
2023-10-15 00:00:02,208 INFO  - La busqueda de libros fue exitosa -Thread [55] 
2023-10-15 00:00:19,117 INFO  - La busqueda de libros fue exitosa -Thread [55] 
2023-10-15 00:00:32,821 INFO  - La busqueda de libros fue exitosa -Thread [55] 
2023-10-15 00:01:01,496 INFO  - La busqueda de libros fue exitosa -Thread [21] 
2023-10-15 00:01:02,710 INFO  - La busqueda de libros fue exitosa -Thread [53] 
2023-10-15 00:02:42,083 INFO  - La busqueda de libros fue exitosa -Thread [53] 
2023-10-15 00:06:18,671 INFO  - La busqueda de libros fue exitosa -Thread [64] 
2023-10-15 00:08:43,206 INFO  - La busqueda de libros fue exitosa -Thread [62] 
2023-10-15 00:09:54,704 INFO  - La busqueda de libros fue exitosa -Thread [65] 
2023-10-15 00:10:58,911 INFO  - La busqueda de libros fue exitosa -Thread [65] 
2023-10-15 00:11:08,780 INFO  - La busqueda de libros fue exitosa -Thread [32] 
2023-10-15 00:12:01,957 INFO  - La busqueda de libros fue exitosa -Thread [67] 
2023-10-15 00:12:33,047 INFO  - La busqueda de libros fue exitosa -Thread [69] 
2023-10-15 00:13:16,210 INFO  - La busqueda de libros fue exitosa -Thread [53] 
2023-10-15 00:14:41,406 INFO  - La busqueda de libros fue exitosa -Thread [72] 
2023-10-15 00:15:17,145 INFO  - La busqueda de libros fue exitosa -Thread [74] 
2023-10-15 00:15:39,565 INFO  - La busqueda de libros fue exitosa -Thread [74] 
2023-10-15 00:16:05,106 INFO  - La busqueda de libros fue exitosa -Thread [75] 
2023-10-15 00:17:05,822 INFO  - La busqueda de libros fue exitosa -Thread [72] 
2023-10-15 00:18:44,716 INFO  - La busqueda de libros fue exitosa -Thread [41] 
2023-10-15 00:18:49,290 INFO  - La busqueda de libros fue exitosa -Thread [74] 
2023-10-15 00:22:00,320 INFO  - La busqueda de libros fue exitosa -Thread [47] 
2023-10-15 00:22:21,619 INFO  - La busqueda de libros fue exitosa -Thread [47] 
2023-10-15 00:22:33,178 INFO  - La busqueda de libros fue exitosa -Thread [67] 
2023-10-15 00:25:21,419 INFO  - La busqueda de libros fue exitosa -Thread [41] 
2023-10-15 00:25:48,616 INFO  - La busqueda de libros fue exitosa -Thread [76] 
2023-10-15 00:34:46,229 INFO  - La busqueda de libros fue exitosa -Thread [41] 
2023-10-15 00:35:51,227 INFO  - La busqueda de libros fue exitosa -Thread [47] 
2023-10-15 00:36:10,174 INFO  - La busqueda de libros fue exitosa -Thread [47] 
2023-10-15 00:44:00,978 INFO  - La busqueda de libros fue exitosa -Thread [65] 
2023-10-15 00:51:37,202 INFO  - La busqueda de libros fue exitosa -Thread [73] 
2023-10-15 01:02:24,981 INFO  - La busqueda de libros fue exitosa -Thread [77] 
2023-10-15 01:02:45,571 ERROR - El titulo del libro no puede ser vacio -Thread [77] 
2023-10-15 01:04:21,763 INFO  - La busqueda de libros fue exitosa -Thread [77] 
2023-10-15 01:04:23,727 INFO  - La busqueda de libros fue exitosa -Thread [47] 
2023-10-15 01:04:30,222 ERROR - El titulo del libro no puede ser vacio -Thread [55] 
2023-10-15 01:05:17,175 INFO  - La busqueda de libros fue exitosa -Thread [77] 
2023-10-15 01:05:19,829 ERROR - El titulo del libro no puede ser vacio -Thread [87] 
2023-10-15 01:05:44,476 INFO  - La busqueda de libros fue exitosa -Thread [71] 
2023-10-15 01:05:47,846 ERROR - El titulo del libro no puede ser vacio -Thread [75] 
2023-10-15 01:06:07,528 ERROR - No se puede cargar el archivo o ensamblado 'System.Memory, Version=4.0.1.2, Culture=neutral, PublicKeyToken=cc7b13ffcd2ddd51' ni una de sus dependencias. La definición del manifiesto del ensamblado no coincide con la referencia al ensamblado. (Excepción de HRESULT: 0x80131040) -Thread [75] 
2023-10-15 01:07:58,179 ERROR - No se puede cargar el archivo o ensamblado 'System.Memory, Version=4.0.1.2, Culture=neutral, PublicKeyToken=cc7b13ffcd2ddd51' ni una de sus dependencias. La definición del manifiesto del ensamblado no coincide con la referencia al ensamblado. (Excepción de HRESULT: 0x80131040) -Thread [75] 
2023-10-15 01:08:20,064 ERROR - No se puede cargar el archivo o ensamblado 'System.Memory, Version=4.0.1.2, Culture=neutral, PublicKeyToken=cc7b13ffcd2ddd51' ni una de sus dependencias. La definición del manifiesto del ensamblado no coincide con la referencia al ensamblado. (Excepción de HRESULT: 0x80131040) -Thread [75] 
2023-10-15 01:09:57,268 ERROR - No se puede cargar el archivo o ensamblado 'System.Memory, Version=4.0.1.2, Culture=neutral, PublicKeyToken=cc7b13ffcd2ddd51' ni una de sus dependencias. La definición del manifiesto del ensamblado no coincide con la referencia al ensamblado. (Excepción de HRESULT: 0x80131040) -Thread [75] 
2023-10-15 01:10:24,785 INFO  - La busqueda de libros fue exitosa -Thread [55] 
2023-10-15 01:12:07,007 ERROR - No se puede cargar el archivo o ensamblado 'System.Memory, Version=4.0.1.2, Culture=neutral, PublicKeyToken=cc7b13ffcd2ddd51' ni una de sus dependencias. La definición del manifiesto del ensamblado no coincide con la referencia al ensamblado. (Excepción de HRESULT: 0x80131040) -Thread [75] 
2023-10-15 01:16:10,141 INFO  - La busqueda de libros fue exitosa -Thread [6] 
2023-10-15 01:17:40,045 ERROR - No se puede cargar el archivo o ensamblado 'System.Text.Encodings.Web, Version=7.0.0.0, Culture=neutral, PublicKeyToken=cc7b13ffcd2ddd51' ni una de sus dependencias. La definición del manifiesto del ensamblado no coincide con la referencia al ensamblado. (Excepción de HRESULT: 0x80131040) -Thread [8] 
2023-10-15 01:20:05,074 INFO  - La busqueda de libros fue exitosa -Thread [6] 
2023-10-15 01:21:02,277 ERROR - No se puede cargar el archivo o ensamblado 'System.Runtime.CompilerServices.Unsafe, Version=4.0.4.1, Culture=neutral, PublicKeyToken=b03f5f7f11d50a3a' ni una de sus dependencias. La definición del manifiesto del ensamblado no coincide con la referencia al ensamblado. (Excepción de HRESULT: 0x80131040) -Thread [6] 
2023-10-15 01:21:41,254 INFO  - La busqueda de libros fue exitosa -Thread [24] 
2023-10-15 01:24:41,226 ERROR - No se puede cargar el archivo o ensamblado 'System.Runtime.CompilerServices.Unsafe, Version=4.0.4.1, Culture=neutral, PublicKeyToken=b03f5f7f11d50a3a' ni una de sus dependencias. La definición del manifiesto del ensamblado no coincide con la referencia al ensamblado. (Excepción de HRESULT: 0x80131040) -Thread [23] 
2023-10-15 01:24:55,037 ERROR - No se puede cargar el archivo o ensamblado 'System.Runtime.CompilerServices.Unsafe, Version=4.0.4.1, Culture=neutral, PublicKeyToken=b03f5f7f11d50a3a' ni una de sus dependencias. La definición del manifiesto del ensamblado no coincide con la referencia al ensamblado. (Excepción de HRESULT: 0x80131040) -Thread [23] 
2023-10-15 01:26:33,487 INFO  - La busqueda de libros fue exitosa -Thread [8] 
2023-10-15 01:26:44,857 ERROR - El año de publicacion no puede ser mayor al año actual -Thread [25] 
2023-10-15 01:27:34,786 ERROR - No se puede cargar el archivo o ensamblado 'System.Runtime.CompilerServices.Unsafe, Version=4.0.4.1, Culture=neutral, PublicKeyToken=b03f5f7f11d50a3a' ni una de sus dependencias. La definición del manifiesto del ensamblado no coincide con la referencia al ensamblado. (Excepción de HRESULT: 0x80131040) -Thread [25] 
2023-10-15 01:28:04,613 ERROR - No se puede cargar el archivo o ensamblado 'System.Runtime.CompilerServices.Unsafe, Version=4.0.4.1, Culture=neutral, PublicKeyToken=b03f5f7f11d50a3a' ni una de sus dependencias. La definición del manifiesto del ensamblado no coincide con la referencia al ensamblado. (Excepción de HRESULT: 0x80131040) -Thread [25] 
2023-10-15 01:29:54,262 INFO  - La busqueda de libros fue exitosa -Thread [39] 
2023-10-15 01:31:36,779 ERROR - No se puede cargar el archivo o ensamblado 'System.Runtime.CompilerServices.Unsafe, Version=4.0.4.1, Culture=neutral, PublicKeyToken=b03f5f7f11d50a3a' ni una de sus dependencias. La definición del manifiesto del ensamblado no coincide con la referencia al ensamblado. (Excepción de HRESULT: 0x80131040) -Thread [24] 
2023-10-15 01:32:29,324 INFO  - La busqueda de libros fue exitosa -Thread [39] 
2023-10-15 01:32:48,871 ERROR - No se puede cargar el archivo o ensamblado 'System.Runtime.CompilerServices.Unsafe, Version=4.0.4.1, Culture=neutral, PublicKeyToken=b03f5f7f11d50a3a' ni una de sus dependencias. La definición del manifiesto del ensamblado no coincide con la referencia al ensamblado. (Excepción de HRESULT: 0x80131040) -Thread [28] 
2023-10-15 01:33:59,389 INFO  - La busqueda de libros fue exitosa -Thread [63] 
2023-10-15 01:34:01,732 INFO  - La busqueda de libros fue exitosa -Thread [28] 
2023-10-15 01:34:04,270 INFO  - La busqueda de libros fue exitosa -Thread [28] 
2023-10-15 01:34:22,180 INFO  - La busqueda de libros fue exitosa -Thread [28] 
2023-10-15 01:35:23,085 ERROR - No se puede cargar el archivo o ensamblado 'System.Runtime.CompilerServices.Unsafe, Version=4.0.4.1, Culture=neutral, PublicKeyToken=b03f5f7f11d50a3a' ni una de sus dependencias. La definición del manifiesto del ensamblado no coincide con la referencia al ensamblado. (Excepción de HRESULT: 0x80131040) -Thread [24] 
2023-10-15 01:35:54,563 INFO  - La busqueda de libros fue exitosa -Thread [28] 
2023-10-15 01:37:12,029 INFO  - La busqueda de libros fue exitosa -Thread [28] 
2023-10-15 01:39:05,102 INFO  - La busqueda de libros fue exitosa -Thread [24] 
2023-10-15 01:41:16,351 INFO  - La busqueda de libros fue exitosa -Thread [24] 
2023-10-15 01:42:51,965 INFO  - La busqueda de libros fue exitosa -Thread [24] 
2023-10-15 01:52:42,139 INFO  - La busqueda de libros fue exitosa -Thread [14] 
2023-10-15 01:53:40,316 INFO  - La busqueda de libros fue exitosa -Thread [6] 
2023-10-15 01:54:10,390 INFO  - Libro el pricipito2 agredo correctamente -Thread [14] 
2023-10-15 01:54:40,526 INFO  - La busqueda de libros fue exitosa -Thread [14] 
2023-10-15 01:55:09,863 INFO  - La busqueda de libros fue exitosa -Thread [14] 
2023-10-15 01:55:55,284 INFO  - La busqueda de libros fue exitosa -Thread [6] 
2023-10-15 01:56:13,615 INFO  - Libro pinocho agredo correctamente -Thread [64] 
2023-10-15 01:57:07,289 INFO  - La busqueda de libros fue exitosa -Thread [6] 
2023-10-15 01:57:40,240 INFO  - La busqueda de libros fue exitosa -Thread [6] 
2023-10-15 01:57:43,947 INFO  - La busqueda de libros fue exitosa -Thread [42] 
2023-10-15 01:57:51,477 INFO  - La busqueda de libros fue exitosa -Thread [6] 
2023-10-15 01:58:08,492 INFO  - Libro pinocho parte 2 agredo correctamente -Thread [64] 
2023-10-15 02:14:41,054 INFO  - La busqueda de libros fue exitosa -Thread [46] 
2023-10-15 02:15:48,299 INFO  - La busqueda de libros fue exitosa -Thread [46] 
2023-10-15 02:16:30,699 INFO  - La busqueda de libros fue exitosa -Thread [47] 
2023-10-15 02:16:48,180 INFO  - La busqueda de libros fue exitosa -Thread [61] 
2023-10-15 02:21:52,182 INFO  - La busqueda de libros fue exitosa -Thread [61] 
2023-10-15 02:30:20,202 INFO  - La busqueda de libros fue exitosa -Thread [84] 
2023-10-15 02:39:29,419 INFO  - La busqueda de libros fue exitosa -Thread [94] 
2023-10-15 02:39:41,509 INFO  - La busqueda de libros fue exitosa -Thread [93] 
2023-10-15 02:40:47,434 INFO  - La busqueda de libros fue exitosa -Thread [93] 
2023-10-15 02:40:54,553 INFO  - La busqueda de libros fue exitosa -Thread [94] 
2023-10-15 02:41:01,617 INFO  - La busqueda de libros fue exitosa -Thread [91] 
2023-10-15 02:41:30,603 INFO  - La busqueda de libros fue exitosa -Thread [93] 
2023-10-15 02:41:32,595 INFO  - La busqueda de libros fue exitosa -Thread [94] 
2023-10-15 02:43:14,135 INFO  - La busqueda de libros fue exitosa -Thread [94] 
2023-10-15 02:43:17,403 INFO  - La busqueda de libros fue exitosa -Thread [91] 
2023-10-15 02:45:02,719 INFO  - La busqueda de libros fue exitosa -Thread [6] 
2023-10-15 02:45:04,706 INFO  - La busqueda de libros fue exitosa -Thread [6] 
2023-10-15 02:45:45,806 INFO  - La busqueda de libros fue exitosa -Thread [9] 
2023-10-15 02:45:49,522 INFO  - La busqueda de libros fue exitosa -Thread [12] 
2023-10-15 02:45:51,529 INFO  - La busqueda de libros fue exitosa -Thread [13] 
2023-10-16 13:29:01,007 INFO  - La busqueda de libros fue exitosa -Thread [8] 
2023-10-16 13:50:06,225 INFO  - La busqueda de libros fue exitosa -Thread [24] 
2023-10-16 13:50:16,502 ERROR - El libro con el titulo: 23, ya existe -Thread [24] 
2023-10-16 13:51:15,905 INFO  - La busqueda de libros fue exitosa -Thread [39] 
2023-10-16 13:51:22,353 ERROR - El libro con el titulo: 23, ya existe -Thread [24] 
2023-10-18 00:13:38,637 INFO  - La busqueda de libros fue exitosa -Thread [6] 
2023-10-18 00:13:39,013 INFO  - La busqueda de libros fue exitosa -Thread [6] 
2023-10-18 00:26:41,176 ERROR - Referencia a objeto no establecida como instancia de un objeto. -Thread [7] 
2023-10-18 00:30:41,850 INFO  - La busqueda de libros fue exitosa -Thread [27] 
2023-10-18 00:30:57,861 INFO  - La busqueda de libros fue exitosa -Thread [27] 
2023-10-18 00:31:03,519 INFO  - Libro 23 agredo correctamente -Thread [16] 
2023-10-18 00:31:11,014 INFO  - Libro 23 elminado correctamente -Thread [10] 
2023-10-18 00:37:51,097 INFO  - La busqueda de libros fue exitosa -Thread [13] 
2023-10-18 04:43:30,006 INFO  - La busqueda de libros fue exitosa -Thread [10] 
2023-10-18 12:14:48,356 INFO  - La busqueda de libros fue exitosa -Thread [10] 
2023-10-18 12:59:26,272 INFO  - La busqueda de libros fue exitosa -Thread [11] 
2023-10-18 12:59:37,343 INFO  - La busqueda de libros fue exitosa -Thread [7] 
2023-10-18 13:00:19,821 INFO  - La busqueda de libros fue exitosa -Thread [10] 
2023-10-18 13:00:58,177 INFO  - La busqueda de libros fue exitosa -Thread [13] 
